#
# There is insufficient memory for the Java Runtime Environment to continue.
# Native memory allocation (malloc) failed to allocate 1048576 bytes for AllocateHeap
# Possible reasons:
#   The system is out of physical RAM or swap space
#   In 32 bit mode, the process size limit was hit
# Possible solutions:
#   Reduce memory load on the system
#   Increase physical memory or swap space
#   Check if swap backing store is full
#   Use 64 bit Java on a 64 bit OS
#   Decrease Java heap size (-Xmx/-Xms)
#   Decrease number of Java threads
#   Decrease Java thread stack sizes (-Xss)
#   Set larger code cache with -XX:ReservedCodeCacheSize=
# This output file may be truncated or incomplete.
#
#  Out of Memory Error (memory/allocation.inline.hpp:61), pid=15152, tid=0x000000000000686c
#
# JRE version:  (8.0_131-b11) (build )
# Java VM: Java HotSpot(TM) 64-Bit Server VM (25.131-b11 mixed mode windows-amd64 compressed oops)
# Failed to write core dump. Minidumps are not enabled by default on client versions of Windows
#

---------------  T H R E A D  ---------------

Current thread (0x0000000005403000):  JavaThread "Unknown thread" [_thread_in_vm, id=26732, stack(0x0000000005200000,0x0000000005300000)]

Stack: [0x0000000005200000,0x0000000005300000]
[error occurred during error reporting (printing stack bounds), id 0xc0000005]

Native frames: (J=compiled Java code, j=interpreted, Vv=VM code, C=native code)


---------------  P R O C E S S  ---------------

Java Threads: ( => current thread )

Other Threads:

=>0x0000000005403000 (exited) JavaThread "Unknown thread" [_thread_in_vm, id=26732, stack(0x0000000005200000,0x0000000005300000)]

VM state:not at safepoint (normal execution)

VM Mutex/Monitor currently owned by a thread: None

Heap:
 PSYoungGen      total 76288K, used 1310K [0x000000076b300000, 0x0000000770800000, 0x00000007c0000000)
  eden space 65536K, 2% used [0x000000076b300000,0x000000076b447af0,0x000000076f300000)
  from space 10752K, 0% used [0x000000076fd80000,0x000000076fd80000,0x0000000770800000)
  to   space 10752K, 0% used [0x000000076f300000,0x000000076f300000,0x000000076fd80000)
 ParOldGen       total 175104K, used 0K [0x00000006c1800000, 0x00000006cc300000, 0x000000076b300000)
  object space 175104K, 0% used [0x00000006c1800000,0x00000006c1800000,0x00000006cc300000)
 Metaspace       used 770K, capacity 4480K, committed 4480K, reserved 1056768K
  class space    used 75K, capacity 384K, committed 384K, reserved 1048576K

Card table byte_map: [0x00000000148c0000,0x00000000150c0000] byte_map_base: 0x00000000112b4000

Marking Bits: (ParMarkBitMap*) 0x000000005e85c720
 Begin Bits: [0x0000000015a10000, 0x00000000199b0000)
 End Bits:   [0x00000000199b0000, 0x000000001d950000)

Polling page: 0x0000000000ff0000

CodeCache: size=245760Kb used=328Kb max_used=328Kb free=245431Kb
 bounds [0x0000000005500000, 0x0000000005770000, 0x0000000014500000]
 total_blobs=58 nmethods=0 adapters=38
 compilation: enabled

Compilation events (0 events):
No events

GC Heap History (0 events):
No events

Deoptimization events (0 events):
No events

Internal exceptions (0 events):
No events

Events (10 events):
Event: 0.026 loading class java/lang/Short
Event: 0.026 loading class java/lang/Short done
Event: 0.026 loading class java/lang/Integer
Event: 0.026 loading class java/lang/Integer done
Event: 0.026 loading class java/lang/Long
Event: 0.026 loading class java/lang/Long done
Event: 0.026 loading class java/lang/NullPointerException
Event: 0.026 loading class java/lang/NullPointerException done
Event: 0.026 loading class java/lang/ArithmeticException
Event: 0.026 loading class java/lang/ArithmeticException done


Dynamic libraries:
0x00007ff691dd0000 - 0x00007ff691e07000 	C:\Program Files\Java\jdk1.8.0_131\jre\bin\java.exe
0x00007ffbae250000 - 0x00007ffbae430000 	C:\WINDOWS\SYSTEM32\ntdll.dll
0x00007ffbae170000 - 0x00007ffbae21e000 	C:\WINDOWS\System32\KERNEL32.DLL
0x00007ffbab1c0000 - 0x00007ffbab426000 	C:\WINDOWS\System32\KERNELBASE.dll
0x00007ffbad1d0000 - 0x00007ffbad271000 	C:\WINDOWS\System32\ADVAPI32.dll
0x00007ffbab920000 - 0x00007ffbab9bd000 	C:\WINDOWS\System32\msvcrt.dll
0x00007ffbae110000 - 0x00007ffbae16b000 	C:\WINDOWS\System32\sechost.dll
0x00007ffbad330000 - 0x00007ffbad44f000 	C:\WINDOWS\System32\RPCRT4.dll
0x00007ffbab730000 - 0x00007ffbab8bf000 	C:\WINDOWS\System32\USER32.dll
0x00007ffbab430000 - 0x00007ffbab450000 	C:\WINDOWS\System32\win32u.dll
0x00007ffbad850000 - 0x00007ffbad878000 	C:\WINDOWS\System32\GDI32.dll
0x00007ffbab450000 - 0x00007ffbab5e3000 	C:\WINDOWS\System32\gdi32full.dll
0x00007ffbab120000 - 0x00007ffbab1bb000 	C:\WINDOWS\System32\msvcp_win.dll
0x00007ffbaada0000 - 0x00007ffbaae96000 	C:\WINDOWS\System32\ucrtbase.dll
0x00007ffb9cd10000 - 0x00007ffb9cf79000 	C:\WINDOWS\WinSxS\amd64_microsoft.windows.common-controls_6595b64144ccf1df_6.0.16299.431_none_15c7d3ee93659e73\COMCTL32.dll
0x00007ffbace60000 - 0x00007ffbad168000 	C:\WINDOWS\System32\combase.dll
0x00007ffbab5f0000 - 0x00007ffbab662000 	C:\WINDOWS\System32\bcryptPrimitives.dll
0x00007ffbad8a0000 - 0x00007ffbad8cd000 	C:\WINDOWS\System32\IMM32.DLL
0x000000005ec40000 - 0x000000005ed12000 	C:\Program Files\Java\jdk1.8.0_131\jre\bin\msvcr100.dll
0x000000005e040000 - 0x000000005e8dc000 	C:\Program Files\Java\jdk1.8.0_131\jre\bin\server\jvm.dll
0x00007ffbab720000 - 0x00007ffbab728000 	C:\WINDOWS\System32\PSAPI.DLL
0x00007ffba0c60000 - 0x00007ffba0c83000 	C:\WINDOWS\SYSTEM32\WINMM.dll
0x00007ffba2030000 - 0x00007ffba203a000 	C:\WINDOWS\SYSTEM32\VERSION.dll
0x00007ffb9e7e0000 - 0x00007ffb9e7e9000 	C:\WINDOWS\SYSTEM32\WSOCK32.dll
0x00007ffbad710000 - 0x00007ffbad77c000 	C:\WINDOWS\System32\WS2_32.dll
0x00007ffb9fa20000 - 0x00007ffb9fa4a000 	C:\WINDOWS\SYSTEM32\WINMMBASE.dll
0x00007ffbab6d0000 - 0x00007ffbab71a000 	C:\WINDOWS\System32\cfgmgr32.dll
0x000000005ec30000 - 0x000000005ec3f000 	C:\Program Files\Java\jdk1.8.0_131\jre\bin\verify.dll
0x000000005ec00000 - 0x000000005ec29000 	C:\Program Files\Java\jdk1.8.0_131\jre\bin\java.dll
0x000000005ebe0000 - 0x000000005ebf6000 	C:\Program Files\Java\jdk1.8.0_131\jre\bin\zip.dll

VM Arguments:
java_command: C:\Users\makha\AppData\Local\Temp\surefire1874604920353571856\surefirebooter8357656512539581486.jar C:\Users\makha\AppData\Local\Temp\surefire1874604920353571856 2018-05-26T00-19-35_027-jvmRun1 surefire537447443963359650tmp surefire_08661347008965473435tmp
java_class_path (initial): C:\Users\makha\AppData\Local\Temp\surefire1874604920353571856\surefirebooter8357656512539581486.jar
Launcher Type: SUN_STANDARD

Environment Variables:
JAVA_HOME=C:\Program Files\Java\jdk1.8.0_131
PATH=C:\Program Files\Docker\Docker\Resources\bin;C:\Program Files\Java\jdk1.8.0_131\bin;C:\Program Files\apache-maven-3.1.1\bin;C:\WINDOWS\system32;C:\WINDOWS;C:\WINDOWS\System32\Wbem;C:\WINDOWS\System32\WindowsPowerShell\v1.0\;C:\Program Files (x86)\Skype\Phone\;C:\Program Files\Git\bin;C:\Program Files\Git\bin;C:\Users\makha\Desktop\soft\wildfly-10.1.0.Final\bin;C:\protoc-3.3.0-win32\bin;C:\Program Files\cURL\bin;C:\Program Files\Oracle\VirtualBox\VBoxManage.exe;C:\Program Files\nodejs\;C:\WINDOWS\system32\config\systemprofile\.dnx\bin;C:\Program Files\Microsoft DNX\Dnvm\;C:\Program Files\Microsoft SQL Server\130\Tools\Binn\;C:\Program Files (x86)\Windows Kits\8.1\Windows Performance Toolkit\;C:\Users\makha\.cargo\bin;C:\Users\makha\AppData\Local\atom\bin;C:\Users\makha\AppData\Local\Microsoft\WindowsApps;C:\Users\makha\AppData\Roaming\npm
USERNAME=makha
OS=Windows_NT
PROCESSOR_IDENTIFIER=Intel64 Family 6 Model 142 Stepping 9, GenuineIntel



---------------  S Y S T E M  ---------------

OS: Windows 10.0 , 64 bit Build 16299 (10.0.16299.431)

CPU:total 4 (initial active 4) (2 cores per cpu, 2 threads per core) family 6 model 142 stepping 9, cmov, cx8, fxsr, mmx, sse, sse2, sse3, ssse3, sse4.1, sse4.2, popcnt, avx, avx2, aes, clmul, erms, 3dnowpref, lzcnt, ht, tsc, tscinvbit, bmi1, bmi2, adx

Memory: 4k page, physical 16671956k(2291440k free), swap 37364776k(5500k free)

vm_info: Java HotSpot(TM) 64-Bit Server VM (25.131-b11) for windows-amd64 JRE (1.8.0_131-b11), built on Mar 15 2017 01:23:53 by "java_re" with MS VC++ 10.0 (VS2010)

time: Sat May 26 00:19:38 2018
elapsed time: 0 seconds (0d 0h 0m 0s)

